<?xml version="1.0" encoding="UTF-8"?>
<!-- Generated by org.testng.reporters.JUnitXMLReporter -->
<testsuite hostname="WIN-ORVHKF8KNMN" ignored="0" name="homePageTests" tests="1" failures="1" timestamp="2020-09-21T11:56:15 EEST" time="43.984" errors="0">
  <testcase name="threeSlidersOnly" time="38.658" classname="in.automationtesting.practice.HomePageTests">
    <failure type="java.lang.AssertionError" message="Actual arrival Count is: 3, But should be 3 expected [2] but found [3]">
      <![CDATA[java.lang.AssertionError: Actual arrival Count is: 3, But should be 3 expected [2] but found [3]
at in.automationtesting.practice.HomePageTests.threeSlidersOnly(HomePageTests.java:31)
at java.util.ArrayList.forEach(ArrayList.java:1257)
... Removed 31 stack frames]]>
    </failure>
  </testcase> <!-- threeSlidersOnly -->
</testsuite> <!-- homePageTests -->
