<?xml version="1.0" encoding="UTF-8"?>
<!-- Generated by org.testng.reporters.JUnitXMLReporter -->
<testsuite hostname="WIN-ORVHKF8KNMN" ignored="3" name="homePageTests" tests="1" failures="0" timestamp="2020-09-22T10:58:48 EEST" time="38.248" errors="0">
  <testcase name="arrivalReviewTest" time="32.256" classname="in.automationtesting.practice.homepagetests.HomePageTests"/>
  <testcase name="imageInArrivalNavigateTest" time="0.0" classname="in.automationtesting.practice.homepagetests.HomePageTests">
    <ignored/>
  </testcase> <!-- imageInArrivalNavigateTest -->
  <testcase name="arrivalDescriptionTest" time="0.0" classname="in.automationtesting.practice.homepagetests.HomePageTests">
    <ignored/>
  </testcase> <!-- arrivalDescriptionTest -->
  <testcase name="arrivalCountTest" time="0.0" classname="in.automationtesting.practice.homepagetests.HomePageTests">
    <ignored/>
  </testcase> <!-- arrivalCountTest -->
</testsuite> <!-- homePageTests -->
