<?xml version="1.0" encoding="UTF-8"?>
<testng-results skipped="0" failed="0" ignored="3" total="4" passed="1">
  <reporter-output>
  </reporter-output>
  <suite name="HomePageTestsSuite" duration-ms="38248" started-at="2020-09-22T10:58:10 EEST" finished-at="2020-09-22T10:58:48 EEST">
    <groups>
    </groups>
    <test name="homePageTests" duration-ms="38248" started-at="2020-09-22T10:58:10 EEST" finished-at="2020-09-22T10:58:48 EEST">
      <class name="in.automationtesting.practice.homepagetests.HomePageTests">
        <test-method status="PASS" signature="setUp(java.lang.String, org.testng.ITestContext)[pri:0, instance:in.automationtesting.practice.homepagetests.HomePageTests@3224f60b]" name="setUp" is-config="true" duration-ms="5210" started-at="2020-09-22T10:58:10 EEST" finished-at="2020-09-22T10:58:15 EEST">
          <params>
            <param index="0">
              <value>
                <![CDATA[chrome]]>
              </value>
            </param>
            <param index="1">
              <value>
                <![CDATA[org.testng.TestRunner@2a8d39c4]]>
              </value>
            </param>
          </params>
          <reporter-output>
          </reporter-output>
        </test-method> <!-- setUp -->
        <test-method status="PASS" signature="arrivalReviewTest()[pri:0, instance:in.automationtesting.practice.homepagetests.HomePageTests@3224f60b]" name="arrivalReviewTest" duration-ms="32256" started-at="2020-09-22T10:58:15 EEST" finished-at="2020-09-22T10:58:48 EEST">
          <reporter-output>
          </reporter-output>
        </test-method> <!-- arrivalReviewTest -->
        <test-method status="PASS" signature="tearDown()[pri:0, instance:in.automationtesting.practice.homepagetests.HomePageTests@3224f60b]" name="tearDown" is-config="true" duration-ms="723" started-at="2020-09-22T10:58:48 EEST" finished-at="2020-09-22T10:58:48 EEST">
          <reporter-output>
          </reporter-output>
        </test-method> <!-- tearDown -->
      </class> <!-- in.automationtesting.practice.homepagetests.HomePageTests -->
    </test> <!-- homePageTests -->
  </suite> <!-- HomePageTestsSuite -->
</testng-results>
